<?xml version="1.0" encoding="UTF-8"?>
<!-- Generated by org.testng.reporters.JUnitReportReporter -->
<testsuite hostname="NP2008" failures="0" tests="1" name="com.resttest.SimpleCRUD" time="2.527" errors="0" timestamp="2022-10-11T16:30:58 EDT" skipped="0">
  <testcase classname="com.resttest.SimpleCRUD" name="Basictest" time="2.527"/>
  <system-out/>
</testsuite> <!-- com.resttest.SimpleCRUD -->
