<?xml version="1.0" encoding="UTF-8"?>
<!-- Generated by org.testng.reporters.JUnitReportReporter -->
<testsuite hostname="NP2008" failures="0" tests="5" name="com.test.tekarchapitest.APitestEndtoEnd" time="35.243" errors="0" timestamp="2022-10-22T00:26:05 EDT" skipped="0">
  <testcase classname="com.test.tekarchapitest.APitestEndtoEnd" name="TC1loginToTekarch" time="1.359"/>
  <system-out/>
  <testcase classname="com.test.tekarchapitest.APitestEndtoEnd" name="TC2getUserDetails" time="24.076"/>
  <system-out/>
  <testcase classname="com.test.tekarchapitest.APitestEndtoEnd" name="TC3createUSerDetails" time="2.768"/>
  <system-out/>
  <testcase classname="com.test.tekarchapitest.APitestEndtoEnd" name="TC4updateUSerDetails" time="4.303"/>
  <system-out/>
  <testcase classname="com.test.tekarchapitest.APitestEndtoEnd" name="TC5deleteUserInfo" time="2.737"/>
  <system-out/>
</testsuite> <!-- com.test.tekarchapitest.APitestEndtoEnd -->
