<?xml version="1.0" encoding="UTF-8"?>
<!-- Generated by org.testng.reporters.JUnitReportReporter -->
<testsuite hostname="NP2008" failures="0" tests="1" name="com.test.tekarchapitest.APitestEndtoEnd2" time="4.855" errors="0" timestamp="2022-10-20T21:38:38 EDT" skipped="0">
  <testcase classname="com.test.tekarchapitest.APitestEndtoEnd2" name="deleteUserInfo" time="4.855"/>
  <system-out/>
</testsuite> <!-- com.test.tekarchapitest.APitestEndtoEnd2 -->
